Using pre-set license
Built from '2020.3/staging' branch; Version is '2020.3.18f1 (a7d1c678663c) revision 10998214'; Using compiler version '192528614'; Build Type 'Release'
OS: 'Windows 10 Home Single Language; OS build 19042.1237; Version 2009; 64bit' Language: 'es' Physical Memory: 7130 MB
BatchMode: 1, IsHumanControllingUs: 0, StartBugReporterOnCrash: 0, Is64bit: 1, IsPro: 0

COMMAND LINE ARGUMENTS:
C:\Program Files\Unity\Hub\Editor\2020.3.18f1\Editor\Unity.exe
-adb2
-batchMode
-noUpm
-name
AssetImportWorker5
-projectPath
C:/Users/Yaris/Desktop/Desarrollo de entornos de realidad virtual/Game/DERV_2_Unidad_2_Progs
-logFile
Logs/AssetImportWorker5.log
-srvPort
60215
Successfully changed project path to: C:/Users/Yaris/Desktop/Desarrollo de entornos de realidad virtual/Game/DERV_2_Unidad_2_Progs
C:/Users/Yaris/Desktop/Desarrollo de entornos de realidad virtual/Game/DERV_2_Unidad_2_Progs
Using Asset Import Pipeline V2.
