Using pre-set license
Built from '2020.3/staging' branch; Version is '2020.3.18f1 (a7d1c678663c) revision 10998214'; Using compiler version '192528614'; Build Type 'Release'
OS: 'Windows 10 Home Single Language; OS build 19042.1237; Version 2009; 64bit' Language: 'es' Physical Memory: 7130 MB
BatchMode: 1, IsHumanControllingUs: 0, StartBugReporterOnCrash: 0, Is64bit: 1, IsPro: 0

COMMAND LINE ARGUMENTS:
C:\Program Files\Unity\Hub\Editor\2020.3.18f1\Editor\Unity.exe
-adb2
-batchMode
-noUpm
-name
AssetImportWorker3
-projectPath
C:/Users/Yaris/Desktop/Desarrollo de entornos de realidad virtual/Game/DERV_2_Unidad_2_Progs
-logFile
Logs/AssetImportWorker3.log
-srvPort
49703
Successfully changed project path to: C:/Users/Yaris/Desktop/Desarrollo de entornos de realidad virtual/Game/DERV_2_Unidad_2_Progs
C:/Users/Yaris/Desktop/Desarrollo de entornos de realidad virtual/Game/DERV_2_Unidad_2_Progs
Using Asset Import Pipeline V2.
Refreshing native plugins compatible for Editor in 396.68 ms, found 2 plugins.
Preloading 0 native plugins for Editor in 0.00 ms.
Initialize engine version: 2020.3.18f1 (a7d1c678663c)
[Subsystems] Discovering subsystems at path C:/Program Files/Unity/Hub/Editor/2020.3.18f1/Editor/Data/Resources/UnitySubsystems
[Subsystems] Discovering subsystems at path C:/Users/Yaris/Desktop/Desarrollo de entornos de realidad virtual/Game/DERV_2_Unidad_2_Progs/Assets
GfxDevice: creating device client; threaded=0
Direct3D:
    Version:  Direct3D 11.0 [level 11.1]
    Renderer: AMD Radeon(TM) R4 Graphics (ID=0x9851)
    Vendor:   
    VRAM:     3565 MB
    Driver:   27.20.15003.1004
Initialize mono
Mono path[0] = 'C:/Program Files/Unity/Hub/Editor/2020.3.18f1/Editor/Data/Managed'
Mono path[1] = 'C:/Program Files/Unity/Hub/Editor/2020.3.18f1/Editor/Data/MonoBleedingEdge/lib/mono/unityjit'
Mono config path = 'C:/Program Files/Unity/Hub/Editor/2020.3.18f1/Editor/Data/MonoBleedingEdge/etc'
Using monoOptions --debugger-agent=transport=dt_socket,embedding=1,server=y,suspend=n,address=127.0.0.1:56900
Begin MonoManager ReloadAssembly
Registering precompiled unity dll's ...
Register platform support module: C:/Program Files/Unity/Hub/Editor/2020.3.18f1/Editor/Data/PlaybackEngines/WindowsStandaloneSupport/UnityEditor.WindowsStandalone.Extensions.dll
Registered in 0.037828 seconds.
Native extension for WindowsStandalone target not found
Refreshing native plugins compatible for Editor in 357.48 ms, found 2 plugins.
Preloading 0 native plugins for Editor in 0.00 ms.
Mono: successfully reloaded assembly
- Completed reload, in 10.861 seconds
Domain Reload Profiling:
	ReloadAssembly (10862ms)
		BeginReloadAssembly (520ms)
			ExecutionOrderSort (0ms)
			DisableScriptedObjects (0ms)
			BackupInstance (0ms)
			ReleaseScriptingObjects (0ms)
			CreateAndSetChildDomain (4ms)
		EndReloadAssembly (4547ms)
			LoadAssemblies (509ms)
			RebuildTransferFunctionScriptingTraits (0ms)
			SetupTypeCache (1542ms)
			ReleaseScriptCaches (0ms)
			RebuildScriptCaches (272ms)
			SetupLoadedEditorAssemblies (1988ms)
				LogAssemblyErrors (0ms)
				InitializePlatformSupportModulesInManaged (41ms)
				SetLoadedEditorAssemblies (3ms)
				RefreshPlugins (358ms)
				BeforeProcessingInitializeOnLoad (345ms)
				ProcessInitializeOnLoadAttributes (912ms)
				ProcessInitializeOnLoadMethodAttributes (326ms)
				AfterProcessingInitializeOnLoad (1ms)
				EditorAssembliesLoaded (1ms)
			ExecutionOrderSort2 (0ms)
			AwakeInstancesAfterBackupRestoration (0ms)
Platform modules already initialized, skipping
Registering precompiled user dll's ...
Registered in 0.045554 seconds.
Begin MonoManager ReloadAssembly
Native extension for WindowsStandalone target not found
Refreshing native plugins compatible for Editor in 2.83 ms, found 2 plugins.
Preloading 0 native plugins for Editor in 0.00 ms.
Mono: successfully reloaded assembly
- Completed reload, in 10.658 seconds
Domain Reload Profiling:
	ReloadAssembly (10662ms)
		BeginReloadAssembly (965ms)
			ExecutionOrderSort (0ms)
			DisableScriptedObjects (43ms)
			BackupInstance (0ms)
			ReleaseScriptingObjects (1ms)
			CreateAndSetChildDomain (105ms)
		EndReloadAssembly (9144ms)
			LoadAssemblies (663ms)
			RebuildTransferFunctionScriptingTraits (0ms)
			SetupTypeCache (3327ms)
			ReleaseScriptCaches (1ms)
			RebuildScriptCaches (273ms)
			SetupLoadedEditorAssemblies (3649ms)
				LogAssemblyErrors (0ms)
				InitializePlatformSupportModulesInManaged (35ms)
				SetLoadedEditorAssemblies (2ms)
				RefreshPlugins (3ms)
				BeforeProcessingInitializeOnLoad (1745ms)
				ProcessInitializeOnLoadAttributes (1787ms)
				ProcessInitializeOnLoadMethodAttributes (34ms)
				AfterProcessingInitializeOnLoad (42ms)
				EditorAssembliesLoaded (1ms)
			ExecutionOrderSort2 (0ms)
			AwakeInstancesAfterBackupRestoration (38ms)
Platform modules already initialized, skipping
========================================================================
Worker process is ready to serve import requests
Launched and connected shader compiler UnityShaderCompiler.exe after 0.57 seconds
Refreshing native plugins compatible for Editor in 2.14 ms, found 2 plugins.
Preloading 0 native plugins for Editor in 0.00 ms.
Unloading 1400 Unused Serialized files (Serialized files now loaded: 0)
System memory in use before: 65.5 MB.
System memory in use after: 65.6 MB.

Unloading 16 unused Assets to reduce memory usage. Loaded Objects now: 1835.
Total: 11.436800 ms (FindLiveObjects: 0.858200 ms CreateObjectMapping: 0.190900 ms MarkObjects: 10.161300 ms  DeleteObjects: 0.220500 ms)

AssetImportParameters requested are different than current active one (requested -> active):
  custom:framework-win-MediaFoundation: 216162199b28c13a410421893ffa2e32 -> 
  custom:video-decoder-ogg-theora: a1e56fd34408186e4bbccfd4996cb3dc -> 
  custom:container-muxer-webm: aa71ff27fc2769a1b78a27578f13a17b -> 
  custom:container-demuxer-webm: 4f35f7cbe854078d1ac9338744f61a02 -> 
  custom:container-demuxer-ogg: 62fdf1f143b41e24485cea50d1cbac27 -> 
  custom:video-encoder-webm-vp8: eb34c28f22e8b96e1ab97ce403110664 -> 
  custom:video-decoder-webm-vp8: 9c59270c3fd7afecdb556c50c9e8de78 -> 
  custom:audio-decoder-ogg-vorbis: bf7c407c2cedff20999df2af8eb42d56 -> 
  custom:audio-encoder-webm-vorbis: bf7c407c2cedff20999df2af8eb42d56 -> 
========================================================================
Received Import Request.
  path: Assets/Prefabs
  artifactKey: Guid(77d64b9ebc3569044b89aa2a8259cadb) Importer(815301076,1909f56bfc062723c751e8b465ee728b)
Start importing Assets/Prefabs using Guid(77d64b9ebc3569044b89aa2a8259cadb) Importer(815301076,1909f56bfc062723c751e8b465ee728b)  -> (artifact id: 'b052587cf45bfcb538d8350419c72d16') in 0.041232 seconds 
  Import took 0.106499 seconds .

========================================================================
Received Import Request.
  Time since last request: 5.037450 seconds.
  path: Assets/Scenes 1
  artifactKey: Guid(c78f41786ed6def4ab3ecb4e046e8fb3) Importer(815301076,1909f56bfc062723c751e8b465ee728b)
Start importing Assets/Scenes 1 using Guid(c78f41786ed6def4ab3ecb4e046e8fb3) Importer(815301076,1909f56bfc062723c751e8b465ee728b)  -> (artifact id: '665ebdeb2807b265ffca0453a8adef5b') in 0.072956 seconds 
  Import took 0.172671 seconds .

========================================================================
Received Import Request.
  Time since last request: 4.763835 seconds.
  path: Assets/Terrains
  artifactKey: Guid(17ec8959e176409428ffbc4eb122cd82) Importer(815301076,1909f56bfc062723c751e8b465ee728b)
Start importing Assets/Terrains using Guid(17ec8959e176409428ffbc4eb122cd82) Importer(815301076,1909f56bfc062723c751e8b465ee728b)  -> (artifact id: 'abbc05594a6e3e87591d72a001a9c6b8') in 0.102309 seconds 
  Import took 0.146839 seconds .

========================================================================
Received Import Request.
  Time since last request: 8.912123 seconds.
  path: Assets/Scripts
  artifactKey: Guid(4d2a2f6bc9152c54f8cd6dcaf9508f11) Importer(815301076,1909f56bfc062723c751e8b465ee728b)
Start importing Assets/Scripts using Guid(4d2a2f6bc9152c54f8cd6dcaf9508f11) Importer(815301076,1909f56bfc062723c751e8b465ee728b)  -> (artifact id: '80a035ab5635da5913db220757f3d3ac') in 0.014863 seconds 
  Import took 0.176420 seconds .

AssetImportWorkerClient::OnTransportError - code=2 error=End of file
